(ERROR [0, 0] - [642, 1]
  (import [0, 0] - [0, 30]
    (identifier [0, 9] - [0, 18])
    (identifier [0, 26] - [0, 29]))
  (import [1, 0] - [1, 37]
    (identifier [1, 9] - [1, 13])
    (identifier [1, 15] - [1, 20])
    (identifier [1, 28] - [1, 36]))
  (declaration [3, 0] - [9, 1]
    (attribute [3, 0] - [3, 23]
      (identifier [3, 2] - [3, 11])
      (literal [3, 14] - [3, 22]
        (string [3, 14] - [3, 22]
          (string_fragment [3, 15] - [3, 21]))))
    (enum_declaration [4, 0] - [9, 1]
      name: (generic_name [4, 5] - [4, 14]
        (identifier [4, 5] - [4, 11])
        (generic_name [4, 12] - [4, 13]
          (identifier [4, 12] - [4, 13])))
      variants: (enum_variant [5, 4] - [6, 21]
        (attribute [5, 4] - [5, 33]
          (identifier [5, 6] - [5, 15])
          (literal [5, 18] - [5, 32]
            (string [5, 18] - [5, 32]
              (string_fragment [5, 19] - [5, 31]))))
        (identifier [6, 4] - [6, 8])
        properties: (field [6, 11] - [6, 19]
          name: (identifier [6, 11] - [6, 16])
          type: (type [6, 18] - [6, 19]
            ident: (identifier [6, 18] - [6, 19]))))
      variants: (enum_variant [7, 4] - [8, 8]
        (attribute [7, 4] - [7, 33]
          (identifier [7, 6] - [7, 15])
          (literal [7, 18] - [7, 32]
            (string [7, 18] - [7, 32]
              (string_fragment [7, 19] - [7, 31]))))
        (identifier [8, 4] - [8, 8]))))
  (declaration [11, 0] - [15, 1]
    (attribute [11, 0] - [11, 29]
      (identifier [11, 2] - [11, 11])
      (literal [11, 14] - [11, 28]
        (string [11, 14] - [11, 28]
          (string_fragment [11, 15] - [11, 27]))))
    (trait_declaration [12, 0] - [15, 1]
      name: (generic_name [12, 6] - [12, 17]
        (identifier [12, 6] - [12, 14])
        (generic_name [12, 15] - [12, 16]
          (identifier [12, 15] - [12, 16])))
      functions: (trait_func [13, 4] - [14, 23]
        (attribute [13, 4] - [13, 44]
          (identifier [13, 6] - [13, 15])
          (literal [13, 18] - [13, 43]
            (string [13, 18] - [13, 43]
              (string_fragment [13, 19] - [13, 42]))))
        (identifier [14, 7] - [14, 11])
        (func_arg [14, 12] - [14, 16])
        (type [14, 21] - [14, 22]
          ident: (identifier [14, 21] - [14, 22])))))
  (declaration [17, 0] - [21, 1]
    (attribute [17, 0] - [17, 25]
      (identifier [17, 2] - [17, 11])
      (literal [17, 14] - [17, 24]
        (string [17, 14] - [17, 24]
          (string_fragment [17, 15] - [17, 23]))))
    (trait_declaration [18, 0] - [21, 1]
      name: (generic_name [18, 6] - [18, 17]
        (identifier [18, 6] - [18, 14])
        (generic_name [18, 15] - [18, 16]
          (identifier [18, 15] - [18, 16])))
      functions: (trait_func [19, 4] - [20, 31]
        (attribute [19, 4] - [19, 35]
          (identifier [19, 6] - [19, 15])
          (literal [19, 18] - [19, 34]
            (string [19, 18] - [19, 34]
              (string_fragment [19, 19] - [19, 33]))))
        (identifier [20, 7] - [20, 11])
        (func_arg [20, 12] - [20, 16])
        (type [20, 21] - [20, 30]
          ident: (identifier [20, 21] - [20, 27])
          (type [20, 28] - [20, 29]
            ident: (identifier [20, 28] - [20, 29]))))))
  (declaration [23, 0] - [26, 1]
    (struct_declaration [23, 0] - [26, 1]
      name: (generic_name [23, 7] - [23, 19]
        (identifier [23, 7] - [23, 16])
        (generic_name [23, 17] - [23, 18]
          (identifier [23, 17] - [23, 18])))
      properties: (field [24, 4] - [24, 20]
        name: (identifier [24, 4] - [24, 9])
        type: (type [24, 11] - [24, 20]
          primitive_type: (primitive_type [24, 11] - [24, 20])))
      properties: (field [25, 4] - [25, 14]
        name: (identifier [25, 4] - [25, 9])
        type: (type [25, 11] - [25, 14]
          ident: (identifier [25, 11] - [25, 12])))))
  (ERROR [28, 0] - [32, 16]
    (identifier [28, 5] - [28, 6])
    (type [28, 8] - [28, 19]
      ident: (identifier [28, 8] - [28, 16])
      (type [28, 17] - [28, 18]
        ident: (identifier [28, 17] - [28, 18])))
    (type [28, 24] - [28, 36]
      ident: (identifier [28, 24] - [28, 33])
      (type [28, 34] - [28, 35]
        ident: (identifier [28, 34] - [28, 35])))
    (func [29, 4] - [32, 9]
      (identifier [29, 7] - [29, 11])
      (func_arg [29, 12] - [29, 16])
      (type [29, 21] - [29, 30]
        ident: (identifier [29, 21] - [29, 27])
        (type [29, 28] - [29, 29]
          ident: (identifier [29, 28] - [29, 29])))
      (ERROR [29, 31] - [30, 45]
        (ERROR [30, 8] - [30, 10])
        (ERROR [30, 16] - [30, 21])
        (ERROR [30, 25] - [30, 33])
        (ERROR [30, 39] - [30, 44]))
      (block [30, 46] - [32, 9]
        (ERROR [31, 12] - [31, 24]
          (ERROR [31, 12] - [31, 18])
          (ERROR [31, 20] - [31, 24]))))
    (ERROR [32, 10] - [32, 14]))
  (variable_declaration [33, 12] - [35, 40]
    (identifier [33, 18] - [33, 23])
    (ERROR [33, 24] - [35, 22]
      (ERROR [33, 31] - [33, 36])
      (ERROR [33, 42] - [33, 47])
      (ERROR [35, 17] - [35, 22]))
    (ERROR [35, 25] - [35, 37]
      (ERROR [35, 30] - [35, 37]))
    (expression [35, 38] - [35, 39]
      (literal [35, 38] - [35, 39]
        (number [35, 38] - [35, 39]))))
  (ERROR [37, 12] - [49, 1]
    (ERROR [37, 12] - [37, 18])
    (ERROR [37, 20] - [37, 24])
    (ERROR [37, 27] - [37, 32])
    (identifier [42, 5] - [42, 6])
    (ERROR [42, 6] - [45, 23]
      (type [42, 8] - [42, 30]
        ident: (identifier [42, 8] - [42, 16])
        (type [42, 17] - [42, 29]
          ident: (identifier [42, 17] - [42, 26])
          (type [42, 27] - [42, 28]
            ident: (identifier [42, 27] - [42, 28]))))
      (type [42, 35] - [42, 38]
        ident: (identifier [42, 35] - [42, 36]))
      (identifier [43, 7] - [43, 11])
      (func_arg [43, 12] - [43, 16])
      (type [43, 21] - [43, 33]
        ident: (identifier [43, 21] - [43, 30])
        (type [43, 31] - [43, 32]
          ident: (identifier [43, 31] - [43, 32])))
      (ERROR [44, 8] - [44, 17])
      (ERROR [45, 12] - [45, 17]))
    (identifier [46, 12] - [46, 17])
    (number [46, 19] - [46, 20]))
  (declaration [51, 0] - [54, 1]
    (enum_declaration [51, 0] - [54, 1]
      name: (generic_name [51, 5] - [51, 9]
        (identifier [51, 5] - [51, 9]))
      variants: (enum_variant [52, 4] - [52, 33]
        (identifier [52, 4] - [52, 16])
        properties: (field [52, 19] - [52, 31]
          name: (identifier [52, 19] - [52, 24])
          type: (type [52, 26] - [52, 31]
            primitive_type: (primitive_type [52, 26] - [52, 31]))))
      variants: (enum_variant [53, 4] - [53, 26]
        (identifier [53, 4] - [53, 9])
        properties: (field [53, 12] - [53, 24]
          name: (identifier [53, 12] - [53, 17])
          type: (type [53, 19] - [53, 24]
            primitive_type: (primitive_type [53, 19] - [53, 24]))))))
  (impl [56, 0] - [60, 9]
    (type [56, 5] - [56, 9]
      ident: (identifier [56, 5] - [56, 9]))
    (ERROR [56, 10] - [58, 47]
      (func [57, 4] - [58, 47]
        (identifier [57, 7] - [57, 11])
        (func_arg [57, 12] - [57, 16])
        (func_arg [57, 18] - [57, 31]
          (identifier [57, 18] - [57, 24])
          (type [57, 26] - [57, 31]
            primitive_type: (primitive_type [57, 26] - [57, 31])))
        (type [57, 36] - [57, 41]
          primitive_type: (primitive_type [57, 36] - [57, 41]))
        (ERROR [57, 42] - [58, 37]
          (ERROR [58, 8] - [58, 10])
          (ERROR [58, 16] - [58, 23])
          (ERROR [58, 25] - [58, 37]))
        (block [58, 38] - [58, 47]
          (ERROR [58, 40] - [58, 45]
            (ERROR [58, 40] - [58, 45])))))
    (ERROR [59, 12] - [59, 26]
      (ERROR [59, 12] - [59, 26])))
  (ERROR [60, 10] - [62, 16]
    (ERROR [60, 10] - [60, 17])
    (ERROR [60, 23] - [60, 30])
    (ERROR [60, 32] - [60, 37])
    (ERROR [60, 40] - [60, 45])
    (ERROR [61, 12] - [61, 17])
    (ERROR [62, 10] - [62, 14]))
  (expression [63, 12] - [63, 15]
    (literal [63, 12] - [63, 15]
      (number [63, 12] - [63, 15])))
  (ERROR [64, 8] - [66, 1])
  (func [68, 0] - [69, 25]
    (identifier [68, 11] - [68, 13])
    (func_arg [68, 14] - [68, 26]
      (identifier [68, 14] - [68, 19])
      (type [68, 21] - [68, 26]
        primitive_type: (primitive_type [68, 21] - [68, 26])))
    (type [68, 31] - [68, 35]
      ident: (identifier [68, 31] - [68, 35]))
    (ERROR [68, 36] - [69, 15]
      (ERROR [69, 4] - [69, 8])
      (ERROR [69, 10] - [69, 15]))
    (block [69, 16] - [69, 25]
      (ERROR [69, 18] - [69, 23]
        (ERROR [69, 18] - [69, 23]))))
  (ERROR [70, 0] - [70, 1])
  (func [72, 0] - [73, 32]
    (identifier [72, 11] - [72, 13])
    (func_arg [72, 14] - [72, 26]
      (identifier [72, 14] - [72, 19])
      (type [72, 21] - [72, 26]
        primitive_type: (primitive_type [72, 21] - [72, 26])))
    (type [72, 31] - [72, 35]
      ident: (identifier [72, 31] - [72, 35]))
    (ERROR [72, 36] - [73, 22]
      (ERROR [73, 4] - [73, 8])
      (ERROR [73, 10] - [73, 22]))
    (block [73, 23] - [73, 32]
      (ERROR [73, 25] - [73, 30]
        (ERROR [73, 25] - [73, 30]))))
  (ERROR [74, 0] - [74, 1])
  (declaration [76, 0] - [81, 1]
    (component_declaration [76, 0] - [81, 1]
      name: (generic_name [76, 8] - [76, 17]
        (identifier [76, 8] - [76, 17]))
      (ERROR [76, 18] - [79, 66]
        (field [77, 4] - [77, 15]
          name: (identifier [77, 4] - [77, 9])
          type: (type [77, 11] - [77, 15]
            ident: (identifier [77, 11] - [77, 15])))
        (field [78, 4] - [78, 16]
          name: (identifier [78, 4] - [78, 10])
          type: (type [78, 12] - [78, 16]
            ident: (identifier [78, 12] - [78, 16])))
        (field [79, 4] - [79, 27]
          name: (identifier [79, 4] - [79, 17])
          type: (type [79, 19] - [79, 27]
            ident: (identifier [79, 19] - [79, 27])))
        (ERROR [79, 27] - [79, 41]
          (ERROR [79, 29] - [79, 41]))
        (ERROR [79, 44] - [79, 52])
        (ERROR [79, 54] - [79, 66]))
      properties: (field [79, 69] - [80, 24]
        name: (identifier [79, 69] - [79, 77])
        (ERROR [79, 77] - [80, 14]
          (number [79, 79] - [79, 82])
          (ERROR [79, 84] - [79, 93])
          (number [79, 95] - [79, 98])
          (ERROR [79, 100] - [79, 111])
          (number [79, 113] - [79, 116])
          (ERROR [79, 118] - [79, 130])
          (number [79, 132] - [79, 135])
          (ERROR [80, 4] - [80, 14]))
        type: (type [80, 16] - [80, 24]
          ident: (identifier [80, 16] - [80, 24])))
      (ERROR [80, 24] - [80, 31]
        (ERROR [80, 26] - [80, 31]))))
  (declaration [83, 0] - [87, 1]
    (component_declaration [83, 0] - [87, 1]
      name: (generic_name [83, 8] - [83, 13]
        (identifier [83, 8] - [83, 13]))
      properties: (field [84, 4] - [84, 19]
        name: (identifier [84, 4] - [84, 9])
        type: (type [84, 11] - [84, 19]
          ident: (identifier [84, 11] - [84, 19])))
      (ERROR [84, 19] - [84, 26]
        (ERROR [84, 21] - [84, 26]))
      properties: (field [85, 4] - [85, 15]
        name: (identifier [85, 4] - [85, 9])
        type: (type [85, 11] - [85, 15]
          ident: (identifier [85, 11] - [85, 15])))
      properties: (field [86, 4] - [86, 16]
        name: (identifier [86, 4] - [86, 10])
        type: (type [86, 12] - [86, 16]
          ident: (identifier [86, 12] - [86, 16])))))
  (impl [89, 0] - [92, 5]
    (type [89, 5] - [89, 13]
      ident: (identifier [89, 5] - [89, 13]))
    (ERROR [89, 13] - [89, 20]
      (ERROR [89, 15] - [89, 20]))
    functions: (func [90, 4] - [91, 44]
      (identifier [90, 7] - [90, 10])
      (func_arg [90, 11] - [90, 21]
        (identifier [90, 11] - [90, 14])
        (type [90, 16] - [90, 21]
          primitive_type: (primitive_type [90, 16] - [90, 21])))
      (func_arg [90, 23] - [90, 35]
        (identifier [90, 23] - [90, 28])
        (type [90, 30] - [90, 35]
          primitive_type: (primitive_type [90, 30] - [90, 35])))
      (func_arg [90, 37] - [90, 48]
        (identifier [90, 37] - [90, 41])
        (type [90, 43] - [90, 48]
          primitive_type: (primitive_type [90, 43] - [90, 48])))
      (type [90, 53] - [90, 61]
        ident: (identifier [90, 53] - [90, 61]))
      (ERROR [90, 61] - [91, 23]
        (ERROR [90, 63] - [90, 68])
        (ERROR [91, 8] - [91, 16])
        (ERROR [91, 18] - [91, 23]))
      (block [91, 24] - [91, 44]
        (ERROR [91, 26] - [91, 42]
          (ERROR [91, 26] - [91, 29])
          (ERROR [91, 31] - [91, 36])
          (ERROR [91, 38] - [91, 42])))))
  (ERROR [93, 0] - [93, 1])
  (declaration [95, 0] - [98, 1]
    (component_declaration [95, 0] - [98, 1]
      name: (generic_name [95, 8] - [95, 14]
        (identifier [95, 8] - [95, 14]))
      properties: (field [96, 4] - [96, 24]
        name: (identifier [96, 4] - [96, 12])
        type: (type [96, 14] - [96, 24]
          ident: (identifier [96, 14] - [96, 22])))
      properties: (field [97, 4] - [97, 18]
        name: (identifier [97, 4] - [97, 11])
        type: (type [97, 13] - [97, 18]
          primitive_type: (primitive_type [97, 13] - [97, 18])))
      (ERROR [97, 19] - [97, 24]
        (number [97, 21] - [97, 24]))))
  (declaration [100, 0] - [103, 1]
    (component_declaration [100, 0] - [103, 1]
      name: (generic_name [100, 8] - [100, 11]
        (identifier [100, 8] - [100, 11]))
      properties: (field [101, 4] - [101, 24]
        name: (identifier [101, 4] - [101, 12])
        type: (type [101, 14] - [101, 24]
          ident: (identifier [101, 14] - [101, 22])))
      properties: (field [102, 4] - [102, 18]
        name: (identifier [102, 4] - [102, 11])
        type: (type [102, 13] - [102, 18]
          primitive_type: (primitive_type [102, 13] - [102, 18])))
      (ERROR [102, 19] - [102, 24]
        (number [102, 21] - [102, 24]))))
  (impl [105, 0] - [111, 5]
    (type [105, 5] - [105, 13]
      ident: (identifier [105, 5] - [105, 13]))
    (type [105, 18] - [105, 23]
      ident: (identifier [105, 18] - [105, 23]))
    functions: (func [106, 4] - [110, 30]
      (identifier [106, 7] - [106, 14])
      (func_arg [106, 15] - [106, 19])
      (func_arg [106, 21] - [106, 33]
        (identifier [106, 21] - [106, 27])
        (type [106, 29] - [106, 33]
          ident: (identifier [106, 29] - [106, 33])))
      (func_arg [106, 35] - [106, 51]
        (identifier [106, 35] - [106, 38])
        (type [106, 40] - [106, 51]
          ident: (identifier [106, 40] - [106, 51])))
      (type [106, 56] - [106, 60]
        ident: (identifier [106, 56] - [106, 60]))
      (ERROR [106, 61] - [110, 12]
        (ERROR [107, 8] - [107, 52]
          (identifier [107, 14] - [107, 19])
          (ERROR [107, 27] - [107, 32])
          (ERROR [107, 33] - [107, 37])
          (ERROR [107, 38] - [107, 44])
          (ERROR [107, 45] - [107, 50]))
        (identifier [108, 14] - [108, 20])
        (ERROR [108, 28] - [108, 34])
        (ERROR [108, 35] - [108, 39])
        (ERROR [108, 40] - [108, 46])
        (ERROR [108, 47] - [108, 53])
        (ERROR [110, 8] - [110, 12]))
      (block [110, 13] - [110, 30]
        (ERROR [110, 15] - [110, 28]
          (ERROR [110, 15] - [110, 20])
          (ERROR [110, 22] - [110, 28])))))
  (identifier [113, 7] - [113, 13])
  (func_arg [113, 14] - [113, 18])
  (func_arg [113, 20] - [113, 33]
    (identifier [113, 20] - [113, 26])
    (type [113, 28] - [113, 33]
      ident: (identifier [113, 28] - [113, 33])))
  (func_arg [113, 35] - [113, 47]
    (identifier [113, 35] - [113, 41])
    (type [113, 43] - [113, 47]
      ident: (identifier [113, 43] - [113, 47])))
  (func_arg [113, 49] - [113, 65]
    (identifier [113, 49] - [113, 52])
    (type [113, 54] - [113, 65]
      ident: (identifier [113, 54] - [113, 65])))
  (ERROR [114, 8] - [114, 52]
    (identifier [114, 14] - [114, 19])
    (ERROR [114, 27] - [114, 32])
    (ERROR [114, 33] - [114, 37])
    (ERROR [114, 38] - [114, 44])
    (ERROR [114, 45] - [114, 50]))
  (identifier [115, 14] - [115, 20])
  (ERROR [115, 28] - [115, 34])
  (ERROR [115, 35] - [115, 39])
  (ERROR [115, 40] - [115, 46])
  (ERROR [115, 47] - [115, 53])
  (ERROR [117, 8] - [117, 11])
  (ERROR [117, 12] - [117, 22])
  (ERROR [117, 23] - [117, 29])
  (ERROR [117, 30] - [117, 31])
  (ERROR [117, 33] - [117, 39])
  (ERROR [117, 40] - [117, 41])
  (ERROR [117, 43] - [117, 48])
  (ERROR [117, 50] - [117, 56])
  (ERROR [117, 63] - [117, 68])
  (ERROR [121, 5] - [121, 13])
  (ERROR [121, 18] - [121, 27])
  (ERROR [122, 7] - [122, 14])
  (ERROR [122, 21] - [122, 27])
  (ERROR [122, 29] - [122, 33])
  (ERROR [122, 35] - [122, 38])
  (ERROR [122, 40] - [122, 51])
  (ERROR [122, 56] - [122, 60])
  (ERROR [123, 8] - [123, 12])
  (ERROR [124, 12] - [124, 17])
  (ERROR [124, 24] - [124, 29])
  (ERROR [124, 30] - [124, 34])
  (ERROR [124, 35] - [124, 41])
  (ERROR [124, 42] - [124, 47])
  (ERROR [125, 12] - [125, 18])
  (ERROR [125, 25] - [125, 31])
  (ERROR [125, 32] - [125, 36])
  (ERROR [125, 37] - [125, 43])
  (ERROR [125, 44] - [125, 50])
  (ERROR [129, 7] - [129, 13])
  (ERROR [129, 20] - [129, 26])
  (ERROR [129, 28] - [129, 33])
  (ERROR [129, 35] - [129, 41])
  (ERROR [129, 43] - [129, 47])
  (ERROR [129, 49] - [129, 52])
  (ERROR [129, 54] - [129, 65])
  (ERROR [130, 14] - [130, 19])
  (ERROR [130, 27] - [130, 32])
  (ERROR [130, 33] - [130, 37])
  (ERROR [130, 38] - [130, 44])
  (ERROR [130, 45] - [130, 50])
  (ERROR [131, 14] - [131, 20])
  (ERROR [131, 28] - [131, 34])
  (ERROR [131, 35] - [131, 39])
  (ERROR [131, 40] - [131, 46])
  (ERROR [131, 47] - [131, 53])
  (ERROR [133, 8] - [133, 11])
  (ERROR [133, 12] - [133, 21])
  (ERROR [133, 22] - [133, 28])
  (ERROR [133, 29] - [133, 30])
  (ERROR [133, 32] - [133, 38])
  (ERROR [133, 39] - [133, 40])
  (ERROR [133, 42] - [133, 47])
  (ERROR [133, 49] - [133, 55])
  (ERROR [133, 62] - [133, 75])
  (ERROR [133, 82] - [133, 92])
  (ERROR [138, 7] - [138, 10])
  (ERROR [138, 17] - [138, 22])
  (ERROR [139, 8] - [139, 10])
  (ERROR [139, 18] - [139, 23])
  (ERROR [141, 10] - [141, 14])
  (ERROR [142, 12] - [142, 17])
  (ERROR [147, 5] - [147, 13])
  (ERROR [147, 18] - [147, 24])
  (ERROR [148, 7] - [148, 14])
  (ERROR [148, 21] - [148, 27])
  (ERROR [148, 29] - [148, 33])
  (ERROR [148, 35] - [148, 38])
  (ERROR [148, 40] - [148, 51])
  (ERROR [148, 56] - [148, 60])
  (ERROR [149, 14] - [149, 19])
  (number [149, 22] - [149, 25])
  (ERROR [150, 14] - [150, 20])
  (number [150, 23] - [150, 26])
  (ERROR [152, 12] - [152, 20])
  (ERROR [152, 26] - [152, 34])
  (ERROR [153, 18] - [153, 26])
  (ERROR [153, 29] - [153, 34])
  (ERROR [153, 35] - [153, 42])
  (ERROR [153, 43] - [153, 49])
  (ERROR [153, 51] - [153, 54])
  (ERROR [155, 12] - [155, 17])
  (ERROR [155, 20] - [155, 28])
  (ERROR [155, 29] - [155, 34])
  (ERROR [155, 35] - [155, 38])
  (ERROR [155, 39] - [155, 44])
  (ERROR [156, 12] - [156, 18])
  (ERROR [156, 21] - [156, 38])
  (ERROR [156, 39] - [156, 47])
  (ERROR [156, 53] - [156, 60])
  (ERROR [159, 8] - [159, 17])
  (number [159, 20] - [159, 23])
  (ERROR [160, 12] - [160, 18])
  (ERROR [160, 21] - [160, 29])
  (ERROR [160, 35] - [160, 42])
  (ERROR [163, 8] - [163, 12])
  (ERROR [163, 15] - [163, 20])
  (ERROR [163, 22] - [163, 28])
  (ERROR [166, 7] - [166, 13])
  (ERROR [166, 20] - [166, 25])
  (ERROR [166, 27] - [166, 32])
  (ERROR [166, 34] - [166, 40])
  (ERROR [166, 42] - [166, 46])
  (ERROR [166, 48] - [166, 51])
  (ERROR [166, 53] - [166, 64])
  (ERROR [167, 12] - [167, 20])
  (ERROR [167, 26] - [167, 34])
  (ERROR [168, 18] - [168, 26])
  (ERROR [168, 29] - [168, 34])
  (ERROR [168, 35] - [168, 42])
  (ERROR [168, 43] - [168, 49])
  (ERROR [168, 51] - [168, 54])
  (ERROR [170, 12] - [170, 17])
  (ERROR [170, 18] - [170, 24])
  (ERROR [170, 25] - [170, 30])
  (ERROR [170, 32] - [170, 38])
  (ERROR [170, 40] - [170, 43])
  (ERROR [172, 12] - [172, 17])
  (ERROR [172, 18] - [172, 19])
  (ERROR [172, 22] - [172, 27])
  (ERROR [172, 28] - [172, 40])
  (ERROR [172, 41] - [172, 49])
  (ERROR [172, 55] - [172, 62])
  (ERROR [173, 12] - [173, 18])
  (ERROR [173, 19] - [173, 25])
  (ERROR [173, 28] - [173, 34])
  (ERROR [173, 35] - [173, 52])
  (ERROR [173, 53] - [173, 61])
  (ERROR [173, 67] - [173, 74])
  (ERROR [178, 5] - [178, 13])
  (ERROR [178, 18] - [178, 21])
  (ERROR [179, 7] - [179, 14])
  (ERROR [179, 21] - [179, 27])
  (ERROR [179, 29] - [179, 33])
  (ERROR [179, 35] - [179, 38])
  (ERROR [179, 40] - [179, 51])
  (ERROR [179, 56] - [179, 60])
  (ERROR [180, 14] - [180, 19])
  (number [180, 22] - [180, 25])
  (ERROR [181, 14] - [181, 20])
  (number [181, 23] - [181, 26])
  (ERROR [183, 12] - [183, 20])
  (ERROR [183, 26] - [183, 34])
  (ERROR [184, 18] - [184, 26])
  (ERROR [184, 29] - [184, 34])
  (ERROR [184, 35] - [184, 42])
  (ERROR [184, 43] - [184, 49])
  (ERROR [184, 51] - [184, 54])
  (ERROR [186, 12] - [186, 18])
  (ERROR [186, 21] - [186, 29])
  (ERROR [186, 30] - [186, 35])
  (ERROR [186, 36] - [186, 39])
  (ERROR [186, 40] - [186, 45])
  (ERROR [187, 12] - [187, 17])
  (ERROR [187, 20] - [187, 36])
  (ERROR [187, 37] - [187, 44])
  (ERROR [187, 50] - [187, 57])
  (ERROR [190, 8] - [190, 16])
  (number [190, 19] - [190, 22])
  (ERROR [191, 12] - [191, 17])
  (ERROR [191, 20] - [191, 27])
  (ERROR [191, 33] - [191, 40])
  (ERROR [194, 8] - [194, 12])
  (ERROR [194, 15] - [194, 20])
  (ERROR [194, 22] - [194, 28])
  (ERROR [197, 7] - [197, 13])
  (ERROR [197, 20] - [197, 25])
  (ERROR [197, 27] - [197, 32])
  (ERROR [197, 34] - [197, 40])
  (ERROR [197, 42] - [197, 46])
  (ERROR [197, 48] - [197, 51])
  (ERROR [197, 53] - [197, 64])
  (ERROR [198, 12] - [198, 20])
  (ERROR [198, 26] - [198, 34])
  (ERROR [199, 18] - [199, 26])
  (ERROR [199, 29] - [199, 34])
  (ERROR [199, 35] - [199, 42])
  (ERROR [199, 43] - [199, 49])
  (ERROR [199, 51] - [199, 54])
  (ERROR [201, 12] - [201, 17])
  (ERROR [201, 18] - [201, 24])
  (ERROR [201, 25] - [201, 30])
  (ERROR [201, 32] - [201, 38])
  (ERROR [201, 40] - [201, 43])
  (ERROR [203, 12] - [203, 17])
  (ERROR [203, 18] - [203, 19])
  (ERROR [203, 22] - [203, 27])
  (ERROR [203, 28] - [203, 40])
  (ERROR [203, 41] - [203, 48])
  (ERROR [203, 54] - [203, 61])
  (ERROR [204, 12] - [204, 18])
  (ERROR [204, 19] - [204, 24])
  (ERROR [204, 27] - [204, 33])
  (ERROR [204, 34] - [204, 50])
  (ERROR [204, 51] - [204, 58])
  (ERROR [204, 64] - [204, 71])
  (ERROR [209, 5] - [209, 13])
  (ERROR [209, 15] - [209, 20])
  (ERROR [210, 7] - [210, 11])
  (ERROR [210, 12] - [210, 17])
  (ERROR [210, 30] - [210, 38])
  (ERROR [210, 40] - [210, 45])
  (ERROR [211, 8] - [211, 16])
  (ERROR [211, 18] - [211, 23])
  (ERROR [211, 25] - [211, 29])
  (ERROR [211, 32] - [211, 37])
  (ERROR [215, 8] - [215, 16])
  (ERROR [216, 4] - [216, 7])
  (number [216, 21] - [216, 22])
  (ERROR [217, 4] - [217, 12])
  (number [217, 26] - [217, 27])
  (ERROR [218, 4] - [218, 10])
  (number [218, 24] - [218, 25])
  (ERROR [219, 4] - [219, 15])
  (number [219, 29] - [219, 30])
  (ERROR [220, 4] - [220, 12])
  (ERROR [220, 14] - [220, 22])
  (ERROR [223, 7] - [223, 11])
  (ERROR [224, 4] - [224, 8])
  (ERROR [224, 10] - [224, 14])
  (ERROR [225, 4] - [225, 12])
  (ERROR [225, 14] - [225, 19])
  (ERROR [227, 4] - [227, 7])
  (ERROR [228, 4] - [228, 12])
  (ERROR [229, 4] - [229, 10])
  (ERROR [230, 4] - [230, 15])
  (ERROR [232, 4] - [232, 15])
  (ERROR [233, 4] - [233, 15])
  (ERROR [235, 4] - [235, 8])
  (ERROR [235, 10] - [235, 16])
  (ERROR [238, 7] - [238, 17])
  (ERROR [239, 4] - [239, 10])
  (number [239, 10] - [239, 11])
  (ERROR [239, 13] - [239, 19])
  (ERROR [239, 33] - [239, 39])
  (ERROR [239, 41] - [239, 45])
  (ERROR [240, 4] - [240, 10])
  (number [240, 10] - [240, 11])
  (ERROR [240, 13] - [240, 19])
  (ERROR [240, 33] - [240, 39])
  (ERROR [240, 41] - [240, 45])
  (ERROR [241, 4] - [241, 10])
  (number [241, 10] - [241, 11])
  (ERROR [241, 13] - [241, 19])
  (ERROR [241, 33] - [241, 39])
  (ERROR [241, 41] - [241, 45])
  (ERROR [242, 4] - [242, 10])
  (number [242, 10] - [242, 11])
  (ERROR [242, 13] - [242, 19])
  (ERROR [242, 33] - [242, 39])
  (ERROR [242, 41] - [242, 45])
  (ERROR [245, 6] - [245, 15])
  (number [245, 18] - [245, 19])
  (ERROR [246, 6] - [246, 16])
  (number [246, 19] - [246, 20])
  (ERROR [247, 6] - [247, 15])
  (number [247, 18] - [247, 19])
  (ERROR [249, 5] - [249, 9])
  (ERROR [250, 7] - [250, 16])
  (ERROR [251, 14] - [251, 27])
  (number [251, 28] - [251, 29])
  (number [251, 34] - [251, 35])
  (ERROR [254, 7] - [254, 16])
  (ERROR [255, 14] - [255, 27])
  (number [255, 28] - [255, 29])
  (number [255, 34] - [255, 35])
  (ERROR [258, 7] - [258, 16])
  (ERROR [259, 8] - [259, 13])
  (ERROR [262, 7] - [262, 16])
  (ERROR [263, 8] - [263, 13])
  (ERROR [267, 7] - [267, 17])
  (ERROR [268, 4] - [268, 10])
  (ERROR [268, 12] - [268, 16])
  (ERROR [269, 4] - [269, 8])
  (number [269, 18] - [269, 21])
  (ERROR [270, 4] - [270, 10])
  (number [270, 20] - [270, 23])
  (ERROR [273, 5] - [273, 9])
  (ERROR [274, 7] - [274, 11])
  (ERROR [275, 8] - [275, 10])
  (ERROR [275, 16] - [275, 23])
  (ERROR [275, 25] - [275, 30])
  (ERROR [275, 33] - [275, 38])
  (number [276, 12] - [276, 13])
  (ERROR [277, 10] - [277, 14])
  (number [278, 12] - [278, 13])
  (ERROR [283, 5] - [283, 15])
  (ERROR [284, 7] - [284, 10])
  (ERROR [284, 11] - [284, 17])
  (ERROR [284, 19] - [284, 23])
  (ERROR [284, 28] - [284, 38])
  (ERROR [285, 14] - [285, 18])
  (ERROR [285, 21] - [285, 38])
  (ERROR [285, 40] - [285, 45])
  (ERROR [285, 48] - [285, 53])
  (ERROR [286, 12] - [286, 17])
  (ERROR [287, 10] - [287, 14])
  (number [288, 12] - [288, 15])
  (ERROR [291, 8] - [291, 18])
  (ERROR [292, 12] - [292, 18])
  (ERROR [293, 12] - [293, 16])
  (ERROR [294, 12] - [294, 18])
  (number [294, 20] - [294, 23])
  (ERROR [299, 8] - [299, 12])
  (ERROR [300, 4] - [300, 11])
  (ERROR [300, 13] - [300, 23])
  (ERROR [301, 4] - [301, 8])
  (ERROR [301, 10] - [301, 20])
  (ERROR [302, 4] - [302, 9])
  (ERROR [302, 11] - [302, 15])
  (ERROR [303, 4] - [303, 12])
  (ERROR [303, 14] - [303, 22])
  (ERROR [304, 4] - [304, 15])
  (ERROR [304, 17] - [304, 27])
  (ERROR [304, 30] - [304, 40])
  (ERROR [305, 4] - [305, 11])
  (number [305, 21] - [305, 24])
  (ERROR [306, 4] - [306, 20])
  (ERROR [306, 32] - [306, 37])
  (ERROR [307, 4] - [307, 20])
  (ERROR [307, 32] - [307, 37])
  (ERROR [308, 4] - [308, 13])
  (number [308, 13] - [308, 33])
  (ERROR [308, 45] - [308, 50])
  (ERROR [311, 3] - [311, 15])
  (ERROR [311, 18] - [311, 24])
  (ERROR [311, 25] - [311, 36])
  (ERROR [311, 38] - [311, 48])
  (ERROR [311, 52] - [311, 57])
  (ERROR [311, 70] - [311, 76])
  (ERROR [312, 10] - [312, 21])
  (number [312, 24] - [312, 25])
  (ERROR [313, 10] - [313, 11])
  (ERROR [313, 14] - [313, 20])
  (ERROR [313, 22] - [313, 26])
  (ERROR [313, 29] - [313, 34])
  (ERROR [313, 36] - [313, 52])
  (number [313, 53] - [313, 54])
  (ERROR [315, 4] - [315, 21])
  (ERROR [315, 23] - [315, 27])
  (ERROR [315, 30] - [315, 35])
  (ERROR [315, 38] - [315, 40])
  (ERROR [315, 42] - [315, 47])
  (ERROR [315, 50] - [315, 64])
  (ERROR [315, 68] - [315, 73])
  (ERROR [316, 8] - [316, 16])
  (number [316, 19] - [316, 20])
  (ERROR [317, 12] - [317, 23])
  (ERROR [317, 27] - [317, 52])
  (ERROR [317, 53] - [317, 58])
  (ERROR [317, 60] - [317, 66])
  (ERROR [317, 67] - [317, 71])
  (ERROR [319, 12] - [319, 13])
  (ERROR [319, 16] - [319, 22])
  (ERROR [319, 24] - [319, 28])
  (ERROR [319, 31] - [319, 36])
  (ERROR [319, 38] - [319, 45])
  (number [319, 46] - [319, 47])
  (ERROR [320, 10] - [320, 14])
  (ERROR [321, 12] - [321, 13])
  (ERROR [321, 16] - [321, 22])
  (ERROR [321, 24] - [321, 28])
  (ERROR [323, 12] - [323, 23])
  (ERROR [323, 27] - [323, 52])
  (number [323, 53] - [323, 55])
  (ERROR [323, 56] - [323, 62])
  (ERROR [323, 63] - [323, 67])
  (ERROR [327, 4] - [327, 15])
  (ERROR [330, 3] - [330, 16])
  (ERROR [330, 17] - [330, 28])
  (ERROR [330, 30] - [330, 40])
  (ERROR [330, 44] - [330, 58])
  (ERROR [331, 10] - [331, 21])
  (number [331, 24] - [331, 27])
  (ERROR [332, 10] - [332, 20])
  (number [332, 23] - [332, 26])
  (ERROR [334, 8] - [334, 26])
  (ERROR [335, 8] - [335, 14])
  (ERROR [335, 15] - [335, 29])
  (ERROR [335, 31] - [335, 36])
  (ERROR [335, 39] - [335, 44])
  (ERROR [336, 12] - [336, 22])
  (ERROR [336, 25] - [336, 43])
  (ERROR [337, 10] - [337, 21])
  (ERROR [337, 22] - [337, 36])
  (ERROR [337, 38] - [337, 50])
  (ERROR [337, 53] - [337, 58])
  (ERROR [338, 12] - [338, 23])
  (ERROR [338, 26] - [338, 45])
  (ERROR [342, 10] - [342, 19])
  (ERROR [342, 23] - [342, 50])
  (ERROR [342, 52] - [342, 65])
  (ERROR [344, 8] - [344, 26])
  (ERROR [345, 8] - [345, 14])
  (ERROR [345, 15] - [345, 29])
  (ERROR [345, 31] - [345, 43])
  (ERROR [345, 46] - [345, 51])
  (ERROR [346, 12] - [346, 15])
  (ERROR [346, 16] - [346, 20])
  (ERROR [346, 23] - [346, 40])
  (ERROR [352, 7] - [352, 10])
  (ERROR [352, 17] - [352, 22])
  (ERROR [353, 8] - [353, 10])
  (ERROR [353, 18] - [353, 23])
  (ERROR [354, 12] - [354, 17])
  (ERROR [355, 10] - [355, 14])
  (ERROR [361, 5] - [361, 9])
  (ERROR [362, 7] - [362, 21])
  (ERROR [363, 14] - [363, 30])
  (ERROR [363, 33] - [363, 38])
  (ERROR [364, 14] - [364, 30])
  (ERROR [364, 33] - [364, 38])
  (ERROR [365, 14] - [365, 23])
  (number [365, 23] - [365, 43])
  (ERROR [365, 46] - [365, 51])
  (ERROR [366, 14] - [366, 25])
  (ERROR [366, 28] - [366, 38])
  (ERROR [367, 14] - [367, 15])
  (number [367, 18] - [367, 19])
  (ERROR [368, 14] - [368, 21])
  (ERROR [368, 24] - [368, 32])
  (ERROR [368, 38] - [368, 45])
  (ERROR [369, 14] - [369, 18])
  (ERROR [369, 21] - [369, 29])
  (ERROR [369, 35] - [369, 39])
  (ERROR [371, 12] - [371, 19])
  (ERROR [371, 25] - [371, 33])
  (ERROR [372, 18] - [372, 24])
  (ERROR [372, 27] - [372, 31])
  (ERROR [372, 32] - [372, 38])
  (ERROR [372, 39] - [372, 42])
  (ERROR [372, 43] - [372, 52])
  (number [372, 53] - [372, 54])
  (ERROR [373, 18] - [373, 29])
  (ERROR [373, 32] - [373, 36])
  (ERROR [373, 37] - [373, 48])
  (ERROR [373, 49] - [373, 52])
  (ERROR [373, 53] - [373, 69])
  (ERROR [374, 18] - [374, 21])
  (ERROR [374, 24] - [374, 28])
  (ERROR [374, 29] - [374, 32])
  (ERROR [374, 33] - [374, 36])
  (ERROR [374, 37] - [374, 43])
  (number [374, 44] - [374, 45])
  (ERROR [375, 18] - [375, 26])
  (ERROR [375, 29] - [375, 33])
  (ERROR [375, 34] - [375, 42])
  (ERROR [375, 43] - [375, 46])
  (ERROR [375, 47] - [375, 57])
  (ERROR [377, 18] - [377, 22])
  (ERROR [377, 25] - [377, 29])
  (ERROR [378, 16] - [378, 22])
  (ERROR [379, 16] - [379, 27])
  (ERROR [380, 16] - [380, 19])
  (ERROR [381, 16] - [381, 24])
  (ERROR [382, 16] - [382, 27])
  (ERROR [382, 29] - [382, 41])
  (ERROR [382, 44] - [382, 50])
  (ERROR [382, 56] - [382, 63])
  (ERROR [382, 65] - [382, 71])
  (ERROR [382, 73] - [382, 84])
  (ERROR [383, 16] - [383, 27])
  (ERROR [383, 29] - [383, 41])
  (ERROR [383, 44] - [383, 50])
  (ERROR [383, 56] - [383, 60])
  (ERROR [383, 62] - [383, 65])
  (ERROR [383, 67] - [383, 75])
  (ERROR [384, 16] - [384, 20])
  (ERROR [384, 22] - [384, 28])
  (ERROR [384, 30] - [384, 34])
  (ERROR [385, 16] - [385, 20])
  (ERROR [385, 22] - [385, 26])
  (ERROR [385, 29] - [385, 34])
  (number [385, 36] - [385, 39])
  (ERROR [385, 41] - [385, 47])
  (number [385, 49] - [385, 52])
  (ERROR [386, 16] - [386, 24])
  (ERROR [386, 26] - [386, 31])
  (ERROR [386, 34] - [386, 35])
  (number [386, 37] - [386, 40])
  (ERROR [386, 42] - [386, 43])
  (number [386, 45] - [386, 48])
  (ERROR [389, 12] - [389, 28])
  (ERROR [389, 32] - [389, 55])
  (ERROR [389, 56] - [389, 65])
  (ERROR [390, 12] - [390, 28])
  (ERROR [390, 32] - [390, 55])
  (ERROR [390, 56] - [390, 65])
  (ERROR [392, 12] - [392, 19])
  (ERROR [392, 20] - [392, 29])
  (ERROR [392, 35] - [392, 40])
  (ERROR [393, 16] - [393, 23])
  (ERROR [393, 24] - [393, 33])
  (ERROR [393, 39] - [393, 44])
  (ERROR [394, 20] - [394, 24])
  (ERROR [394, 25] - [394, 29])
  (ERROR [394, 32] - [394, 43])
  (ERROR [394, 44] - [394, 50])
  (number [394, 50] - [394, 51])
  (ERROR [395, 20] - [395, 31])
  (ERROR [395, 32] - [395, 38])
  (number [395, 38] - [395, 39])
  (ERROR [395, 42] - [395, 48])
  (ERROR [395, 50] - [395, 54])
  (ERROR [395, 57] - [395, 62])
  (ERROR [395, 64] - [395, 65])
  (ERROR [396, 18] - [396, 22])
  (ERROR [397, 20] - [397, 24])
  (ERROR [397, 25] - [397, 29])
  (ERROR [397, 32] - [397, 43])
  (ERROR [397, 44] - [397, 50])
  (number [397, 50] - [397, 51])
  (ERROR [398, 20] - [398, 31])
  (ERROR [398, 32] - [398, 38])
  (number [398, 38] - [398, 39])
  (ERROR [398, 42] - [398, 48])
  (ERROR [398, 50] - [398, 54])
  (ERROR [398, 57] - [398, 62])
  (ERROR [398, 64] - [398, 65])
  (ERROR [399, 20] - [399, 29])
  (number [399, 29] - [399, 49])
  (ERROR [399, 53] - [399, 62])
  (number [399, 62] - [399, 82])
  (ERROR [399, 83] - [399, 89])
  (ERROR [399, 90] - [399, 99])
  (ERROR [401, 14] - [401, 26])
  (ERROR [401, 27] - [401, 36])
  (ERROR [401, 39] - [401, 46])
  (ERROR [401, 47] - [401, 56])
  (ERROR [401, 62] - [401, 67])
  (ERROR [402, 16] - [402, 20])
  (ERROR [402, 21] - [402, 25])
  (ERROR [402, 28] - [402, 39])
  (ERROR [402, 40] - [402, 46])
  (number [402, 46] - [402, 47])
  (ERROR [403, 16] - [403, 27])
  (ERROR [403, 28] - [403, 34])
  (number [403, 34] - [403, 35])
  (ERROR [403, 38] - [403, 44])
  (ERROR [403, 46] - [403, 50])
  (ERROR [403, 53] - [403, 58])
  (ERROR [403, 60] - [403, 61])
  (ERROR [404, 14] - [404, 18])
  (ERROR [405, 16] - [405, 20])
  (ERROR [405, 21] - [405, 25])
  (ERROR [405, 28] - [405, 39])
  (ERROR [405, 40] - [405, 46])
  (number [405, 46] - [405, 47])
  (ERROR [406, 16] - [406, 27])
  (ERROR [406, 28] - [406, 34])
  (number [406, 34] - [406, 35])
  (ERROR [406, 38] - [406, 44])
  (ERROR [406, 46] - [406, 50])
  (ERROR [406, 53] - [406, 58])
  (ERROR [406, 60] - [406, 61])
  (ERROR [409, 17] - [409, 22])
  (ERROR [409, 23] - [409, 27])
  (ERROR [409, 28] - [409, 32])
  (ERROR [411, 12] - [411, 13])
  (ERROR [411, 16] - [411, 19])
  (number [411, 20] - [411, 21])
  (ERROR [414, 13] - [414, 24])
  (ERROR [414, 27] - [414, 38])
  (ERROR [415, 13] - [415, 29])
  (ERROR [415, 32] - [415, 48])
  (ERROR [416, 13] - [416, 29])
  (ERROR [416, 32] - [416, 48])
  (ERROR [417, 13] - [417, 22])
  (number [417, 22] - [417, 42])
  (ERROR [417, 45] - [417, 54])
  (number [417, 54] - [417, 74])
  (ERROR [420, 7] - [420, 26])
  (ERROR [420, 33] - [420, 43])
  (ERROR [420, 45] - [420, 51])
  (ERROR [421, 14] - [421, 15])
  (ERROR [421, 18] - [421, 28])
  (ERROR [423, 8] - [423, 25])
  (ERROR [423, 27] - [423, 31])
  (ERROR [423, 34] - [423, 39])
  (ERROR [424, 18] - [424, 22])
  (ERROR [424, 30] - [424, 35])
  (ERROR [424, 36] - [424, 41])
  (ERROR [425, 18] - [425, 24])
  (number [425, 27] - [425, 30])
  (ERROR [426, 18] - [426, 23])
  (number [426, 26] - [426, 29])
  (ERROR [427, 18] - [427, 29])
  (ERROR [427, 32] - [427, 36])
  (ERROR [427, 37] - [427, 40])
  (ERROR [428, 18] - [428, 32])
  (ERROR [428, 35] - [428, 39])
  (ERROR [428, 40] - [428, 46])
  (ERROR [430, 12] - [430, 29])
  (ERROR [430, 33] - [430, 37])
  (ERROR [430, 38] - [430, 48])
  (ERROR [430, 49] - [430, 57])
  (ERROR [431, 16] - [431, 22])
  (ERROR [431, 25] - [431, 33])
  (ERROR [431, 39] - [431, 43])
  (ERROR [431, 44] - [431, 55])
  (ERROR [431, 57] - [431, 61])
  (ERROR [433, 16] - [433, 27])
  (ERROR [433, 30] - [433, 43])
  (number [433, 44] - [433, 45])
  (ERROR [436, 12] - [436, 32])
  (ERROR [436, 36] - [436, 40])
  (ERROR [436, 41] - [436, 54])
  (ERROR [436, 55] - [436, 66])
  (ERROR [437, 16] - [437, 21])
  (ERROR [437, 24] - [437, 31])
  (ERROR [437, 37] - [437, 44])
  (ERROR [437, 45] - [437, 59])
  (ERROR [437, 61] - [437, 65])
  (ERROR [439, 16] - [439, 30])
  (ERROR [439, 33] - [439, 49])
  (number [439, 50] - [439, 51])
  (ERROR [442, 12] - [442, 16])
  (ERROR [442, 17] - [442, 21])
  (ERROR [442, 22] - [442, 28])
  (ERROR [442, 31] - [442, 39])
  (ERROR [442, 43] - [442, 47])
  (ERROR [442, 48] - [442, 58])
  (number [442, 59] - [442, 60])
  (ERROR [442, 62] - [442, 64])
  (ERROR [442, 72] - [442, 73])
  (ERROR [442, 79] - [442, 86])
  (ERROR [443, 12] - [443, 16])
  (ERROR [443, 17] - [443, 21])
  (ERROR [443, 22] - [443, 27])
  (ERROR [443, 30] - [443, 37])
  (ERROR [443, 41] - [443, 45])
  (ERROR [443, 46] - [443, 59])
  (number [443, 60] - [443, 61])
  (ERROR [443, 63] - [443, 65])
  (ERROR [443, 73] - [443, 74])
  (ERROR [443, 80] - [443, 87])
  (ERROR [445, 12] - [445, 13])
  (ERROR [445, 16] - [445, 20])
  (ERROR [445, 21] - [445, 25])
  (ERROR [449, 7] - [449, 14])
  (ERROR [449, 21] - [449, 27])
  (ERROR [449, 29] - [449, 34])
  (ERROR [450, 14] - [450, 21])
  (ERROR [450, 24] - [450, 32])
  (ERROR [450, 38] - [450, 45])
  (ERROR [451, 14] - [451, 18])
  (ERROR [451, 21] - [451, 29])
  (ERROR [451, 35] - [451, 39])
  (ERROR [452, 14] - [452, 20])
  (number [452, 23] - [452, 24])
  (ERROR [453, 14] - [453, 17])
  (number [453, 20] - [453, 21])
  (ERROR [455, 8] - [455, 20])
  (ERROR [455, 23] - [455, 30])
  (ERROR [456, 18] - [456, 22])
  (ERROR [456, 25] - [456, 33])
  (number [456, 34] - [456, 35])
  (ERROR [458, 17] - [458, 24])
  (ERROR [458, 25] - [458, 31])
  (ERROR [458, 33] - [458, 39])
  (ERROR [458, 47] - [458, 54])
  (ERROR [458, 55] - [458, 59])
  (ERROR [458, 61] - [458, 69])
  (ERROR [458, 75] - [458, 82])
  (ERROR [458, 83] - [458, 87])
  (ERROR [458, 89] - [458, 95])
  (ERROR [458, 101] - [458, 108])
  (ERROR [460, 12] - [460, 18])
  (ERROR [460, 21] - [460, 29])
  (number [460, 30] - [460, 31])
  (ERROR [463, 8] - [463, 17])
  (ERROR [463, 20] - [463, 24])
  (ERROR [464, 18] - [464, 22])
  (ERROR [464, 25] - [464, 30])
  (number [464, 31] - [464, 32])
  (ERROR [466, 17] - [466, 21])
  (ERROR [466, 22] - [466, 25])
  (ERROR [466, 27] - [466, 33])
  (ERROR [466, 41] - [466, 45])
  (ERROR [466, 46] - [466, 50])
  (ERROR [466, 52] - [466, 60])
  (ERROR [466, 66] - [466, 70])
  (ERROR [466, 71] - [466, 75])
  (ERROR [466, 77] - [466, 83])
  (ERROR [466, 89] - [466, 96])
  (ERROR [468, 12] - [468, 15])
  (ERROR [468, 18] - [468, 23])
  (number [468, 24] - [468, 25])
  (ERROR [471, 12] - [471, 19])
  (ERROR [471, 25] - [471, 30])
  (ERROR [472, 12] - [472, 16])
  (ERROR [472, 17] - [472, 25])
  (ERROR [472, 26] - [472, 27])
  (ERROR [472, 30] - [472, 36])
  (ERROR [472, 37] - [472, 40])
  (ERROR [472, 46] - [472, 53])
  (ERROR [472, 54] - [472, 58])
  (ERROR [472, 59] - [472, 65])
  (ERROR [472, 67] - [472, 73])
  (ERROR [473, 12] - [473, 16])
  (ERROR [473, 17] - [473, 25])
  (ERROR [473, 26] - [473, 27])
  (ERROR [473, 30] - [473, 36])
  (ERROR [473, 37] - [473, 40])
  (ERROR [473, 46] - [473, 50])
  (ERROR [473, 51] - [473, 55])
  (ERROR [473, 56] - [473, 59])
  (ERROR [473, 61] - [473, 67])
  (ERROR [478, 5] - [478, 13])
  (ERROR [478, 18] - [478, 22])
  (ERROR [479, 7] - [479, 14])
  (ERROR [479, 21] - [479, 27])
  (ERROR [479, 29] - [479, 33])
  (ERROR [479, 35] - [479, 38])
  (ERROR [479, 40] - [479, 51])
  (ERROR [479, 56] - [479, 60])
  (ERROR [480, 14] - [480, 19])
  (number [480, 22] - [480, 25])
  (ERROR [481, 14] - [481, 20])
  (number [481, 23] - [481, 26])
  (ERROR [483, 8] - [483, 10])
  (ERROR [483, 16] - [483, 22])
  (number [483, 25] - [483, 26])
  (ERROR [485, 8] - [485, 22])
  (ERROR [485, 25] - [485, 33])
  (ERROR [485, 39] - [485, 46])
  (ERROR [486, 8] - [486, 10])
  (ERROR [486, 19] - [486, 26])
  (ERROR [486, 27] - [486, 33])
  (ERROR [486, 35] - [486, 39])
  (ERROR [486, 47] - [486, 54])
  (ERROR [486, 55] - [486, 61])
  (ERROR [486, 63] - [486, 69])
  (ERROR [486, 75] - [486, 82])
  (ERROR [487, 0] - [488, 20])
  (ERROR [488, 23] - [488, 31])
  (number [488, 32] - [488, 33])
  (ERROR [489, 8] - [489, 10])
  (ERROR [490, 8] - [491, 10])
  (ERROR [491, 16] - [491, 19])
  (number [491, 22] - [491, 23])
  (ERROR [492, 0] - [493, 19])
  (ERROR [493, 22] - [493, 30])
  (ERROR [493, 36] - [493, 40])
  (ERROR [494, 8] - [494, 10])
  (ERROR [494, 19] - [494, 23])
  (ERROR [494, 24] - [494, 27])
  (ERROR [494, 29] - [494, 33])
  (ERROR [494, 41] - [494, 45])
  (ERROR [494, 46] - [494, 49])
  (ERROR [494, 51] - [494, 57])
  (ERROR [494, 63] - [494, 70])
  (ERROR [495, 0] - [496, 17])
  (ERROR [496, 20] - [496, 25])
  (number [496, 26] - [496, 27])
  (ERROR [497, 8] - [497, 10])
  (ERROR [499, 13] - [499, 27])
  (ERROR [500, 13] - [500, 32])
  (ERROR [500, 38] - [500, 49])
  (ERROR [500, 50] - [500, 56])
  (number [500, 56] - [500, 57])
  (ERROR [502, 8] - [502, 10])
  (ERROR [502, 16] - [502, 25])
  (number [502, 25] - [502, 45])
  (ERROR [502, 49] - [502, 54])
  (ERROR [503, 12] - [503, 14])
  (ERROR [503, 20] - [503, 36])
  (ERROR [504, 16] - [504, 29])
  (ERROR [504, 35] - [504, 39])
  (ERROR [504, 41] - [504, 47])
  (ERROR [504, 48] - [504, 56])
  (ERROR [504, 60] - [504, 68])
  (ERROR [504, 74] - [504, 78])
  (ERROR [504, 80] - [504, 81])
  (number [504, 82] - [504, 83])
  (ERROR [504, 85] - [504, 87])
  (ERROR [504, 95] - [504, 96])
  (ERROR [504, 102] - [504, 109])
  (ERROR [507, 17] - [507, 36])
  (ERROR [507, 42] - [507, 53])
  (ERROR [507, 54] - [507, 60])
  (number [507, 60] - [507, 61])
  (ERROR [509, 12] - [509, 14])
  (ERROR [509, 20] - [509, 36])
  (ERROR [510, 16] - [510, 29])
  (ERROR [510, 35] - [510, 42])
  (ERROR [510, 44] - [510, 50])
  (ERROR [510, 51] - [510, 58])
  (ERROR [510, 62] - [510, 70])
  (ERROR [510, 76] - [510, 83])
  (ERROR [510, 85] - [510, 86])
  (number [510, 87] - [510, 88])
  (ERROR [510, 90] - [510, 92])
  (ERROR [510, 100] - [510, 101])
  (ERROR [510, 107] - [510, 114])
  (ERROR [513, 17] - [513, 36])
  (ERROR [513, 42] - [513, 53])
  (ERROR [513, 54] - [513, 60])
  (number [513, 60] - [513, 61])
  (ERROR [516, 13] - [516, 32])
  (ERROR [516, 38] - [516, 49])
  (ERROR [516, 50] - [516, 56])
  (number [516, 56] - [516, 57])
  (ERROR [518, 8] - [518, 12])
  (ERROR [518, 15] - [518, 20])
  (ERROR [518, 22] - [518, 28])
  (ERROR [521, 7] - [521, 13])
  (ERROR [521, 20] - [521, 26])
  (ERROR [521, 28] - [521, 33])
  (ERROR [521, 35] - [521, 41])
  (ERROR [521, 43] - [521, 47])
  (ERROR [521, 49] - [521, 52])
  (ERROR [521, 54] - [521, 65])
  (ERROR [522, 13] - [522, 20])
  (ERROR [522, 21] - [522, 27])
  (ERROR [522, 29] - [522, 32])
  (ERROR [523, 13] - [523, 20])
  (ERROR [523, 21] - [523, 27])
  (ERROR [525, 14] - [525, 22])
  (ERROR [525, 25] - [525, 33])
  (ERROR [525, 39] - [525, 47])
  (ERROR [526, 14] - [526, 21])
  (number [526, 24] - [526, 25])
  (ERROR [528, 8] - [528, 21])
  (ERROR [528, 24] - [528, 32])
  (ERROR [529, 18] - [529, 23])
  (ERROR [529, 31] - [529, 39])
  (ERROR [529, 40] - [529, 47])
  (ERROR [529, 49] - [529, 57])
  (number [529, 58] - [529, 60])
  (ERROR [530, 18] - [530, 22])
  (ERROR [530, 30] - [530, 35])
  (ERROR [530, 36] - [530, 43])
  (ERROR [531, 18] - [531, 26])
  (ERROR [531, 29] - [531, 34])
  (ERROR [531, 35] - [531, 42])
  (ERROR [531, 43] - [531, 47])
  (ERROR [531, 48] - [531, 52])
  (ERROR [531, 54] - [531, 57])
  (ERROR [533, 12] - [533, 17])
  (ERROR [533, 18] - [533, 24])
  (ERROR [533, 25] - [533, 29])
  (ERROR [533, 30] - [533, 38])
  (ERROR [533, 40] - [533, 48])
  (ERROR [533, 50] - [533, 53])
  (ERROR [535, 12] - [535, 19])
  (ERROR [535, 22] - [535, 31])
  (number [535, 32] - [535, 33])
  (ERROR [540, 0] - [540, 4])
  (ERROR [541, 4] - [541, 11])
  (number [541, 13] - [541, 17])
  (ERROR [542, 4] - [542, 11])
  (ERROR [543, 8] - [543, 18])
  (ERROR [543, 20] - [543, 23])
  (number [543, 24] - [543, 31])
  (ERROR [544, 8] - [544, 18])
  (ERROR [544, 20] - [544, 23])
  (number [544, 24] - [544, 29])
  (ERROR [545, 8] - [545, 18])
  (ERROR [545, 20] - [545, 23])
  (number [545, 24] - [545, 31])
  (ERROR [547, 4] - [547, 8])
  (ERROR [548, 8] - [548, 18])
  (ERROR [548, 20] - [548, 23])
  (number [548, 24] - [548, 30])
  (ERROR [549, 8] - [549, 18])
  (ERROR [549, 20] - [549, 23])
  (number [549, 24] - [549, 29])
  (ERROR [550, 8] - [550, 18])
  (ERROR [550, 20] - [550, 23])
  (number [550, 24] - [550, 30])
  (ERROR [553, 4] - [553, 12])
  (ERROR [554, 8] - [554, 17])
  (ERROR [555, 12] - [555, 17])
  (number [555, 19] - [555, 24])
  (ERROR [556, 12] - [556, 18])
  (number [556, 20] - [556, 25])
  (ERROR [557, 12] - [557, 25])
  (ERROR [557, 27] - [557, 35])
  (ERROR [557, 37] - [557, 49])
  (ERROR [557, 52] - [557, 60])
  (number [557, 62] - [557, 66])
  (ERROR [557, 68] - [557, 77])
  (number [557, 79] - [557, 83])
  (ERROR [557, 85] - [557, 96])
  (number [557, 98] - [557, 102])
  (ERROR [557, 104] - [557, 116])
  (number [557, 118] - [557, 122])
  (ERROR [558, 12] - [558, 22])
  (ERROR [558, 24] - [558, 32])
  (ERROR [558, 34] - [558, 39])
  (ERROR [558, 41] - [558, 44])
  (number [558, 45] - [558, 46])
  (number [558, 48] - [558, 51])
  (number [558, 53] - [558, 54])
  (ERROR [562, 4] - [562, 12])
  (ERROR [563, 8] - [563, 14])
  (number [563, 16] - [563, 17])
  (ERROR [565, 8] - [565, 17])
  (ERROR [566, 12] - [566, 17])
  (number [566, 19] - [566, 24])
  (ERROR [567, 12] - [567, 18])
  (number [567, 20] - [567, 25])
  (ERROR [568, 12] - [568, 25])
  (ERROR [568, 27] - [568, 35])
  (ERROR [568, 37] - [568, 49])
  (ERROR [568, 52] - [568, 60])
  (number [568, 62] - [568, 66])
  (ERROR [568, 68] - [568, 77])
  (number [568, 79] - [568, 83])
  (ERROR [568, 85] - [568, 96])
  (number [568, 98] - [568, 102])
  (ERROR [568, 104] - [568, 116])
  (number [568, 118] - [568, 122])
  (ERROR [569, 12] - [569, 22])
  (ERROR [569, 24] - [569, 32])
  (ERROR [569, 34] - [569, 39])
  (ERROR [569, 41] - [569, 44])
  (number [569, 45] - [569, 46])
  (number [569, 48] - [569, 51])
  (number [569, 53] - [569, 54])
  (ERROR [573, 4] - [573, 12])
  (ERROR [574, 8] - [574, 14])
  (number [574, 16] - [574, 17])
  (ERROR [576, 8] - [576, 17])
  (ERROR [577, 12] - [577, 17])
  (number [577, 19] - [577, 24])
  (ERROR [578, 12] - [578, 18])
  (number [578, 20] - [578, 25])
  (ERROR [579, 12] - [579, 25])
  (ERROR [579, 27] - [579, 35])
  (ERROR [579, 37] - [579, 49])
  (ERROR [579, 52] - [579, 60])
  (number [579, 62] - [579, 66])
  (ERROR [579, 68] - [579, 77])
  (number [579, 79] - [579, 83])
  (ERROR [579, 85] - [579, 96])
  (number [579, 98] - [579, 102])
  (ERROR [579, 104] - [579, 116])
  (number [579, 118] - [579, 122])
  (ERROR [580, 12] - [580, 22])
  (ERROR [580, 24] - [580, 32])
  (ERROR [580, 34] - [580, 39])
  (ERROR [580, 41] - [580, 44])
  (number [580, 45] - [580, 46])
  (number [580, 48] - [580, 51])
  (number [580, 53] - [580, 54])
  (ERROR [584, 4] - [584, 12])
  (ERROR [585, 8] - [585, 11])
  (number [585, 13] - [585, 14])
  (ERROR [587, 8] - [587, 17])
  (ERROR [588, 12] - [588, 17])
  (number [588, 19] - [588, 24])
  (ERROR [589, 12] - [589, 18])
  (number [589, 20] - [589, 25])
  (ERROR [590, 12] - [590, 25])
  (ERROR [590, 27] - [590, 35])
  (ERROR [590, 37] - [590, 49])
  (ERROR [590, 52] - [590, 60])
  (number [590, 62] - [590, 66])
  (ERROR [590, 68] - [590, 77])
  (number [590, 79] - [590, 83])
  (ERROR [590, 85] - [590, 96])
  (number [590, 98] - [590, 102])
  (ERROR [590, 104] - [590, 116])
  (number [590, 118] - [590, 122])
  (ERROR [591, 12] - [591, 22])
  (ERROR [591, 24] - [591, 32])
  (ERROR [591, 34] - [591, 39])
  (ERROR [591, 41] - [591, 44])
  (number [591, 45] - [591, 46])
  (number [591, 48] - [591, 51])
  (number [591, 53] - [591, 54])
  (ERROR [595, 4] - [595, 12])
  (ERROR [596, 8] - [596, 14])
  (number [596, 16] - [596, 17])
  (ERROR [597, 8] - [597, 11])
  (number [597, 13] - [597, 14])
  (ERROR [599, 8] - [599, 17])
  (ERROR [600, 12] - [600, 17])
  (number [600, 19] - [600, 24])
  (ERROR [601, 12] - [601, 18])
  (number [601, 20] - [601, 25])
  (ERROR [602, 12] - [602, 25])
  (ERROR [602, 27] - [602, 35])
  (ERROR [602, 37] - [602, 49])
  (ERROR [602, 52] - [602, 60])
  (number [602, 62] - [602, 66])
  (ERROR [602, 68] - [602, 77])
  (number [602, 79] - [602, 83])
  (ERROR [602, 85] - [602, 96])
  (number [602, 98] - [602, 102])
  (ERROR [602, 104] - [602, 116])
  (number [602, 118] - [602, 122])
  (ERROR [603, 12] - [603, 22])
  (ERROR [603, 24] - [603, 32])
  (ERROR [603, 34] - [603, 39])
  (ERROR [603, 41] - [603, 44])
  (number [603, 45] - [603, 46])
  (number [603, 48] - [603, 51])
  (number [603, 53] - [603, 54])
  (ERROR [607, 4] - [607, 12])
  (ERROR [608, 8] - [608, 14])
  (number [608, 16] - [608, 17])
  (ERROR [609, 8] - [609, 11])
  (number [609, 13] - [609, 14])
  (ERROR [610, 8] - [610, 16])
  (number [610, 18] - [610, 19])
  (ERROR [612, 8] - [612, 17])
  (ERROR [613, 12] - [613, 17])
  (number [613, 19] - [613, 24])
  (ERROR [614, 12] - [614, 18])
  (number [614, 20] - [614, 25])
  (ERROR [615, 12] - [615, 25])
  (ERROR [615, 27] - [615, 35])
  (ERROR [615, 37] - [615, 49])
  (ERROR [615, 52] - [615, 60])
  (number [615, 62] - [615, 66])
  (ERROR [615, 68] - [615, 77])
  (number [615, 79] - [615, 83])
  (ERROR [615, 85] - [615, 96])
  (number [615, 98] - [615, 102])
  (ERROR [615, 104] - [615, 116])
  (number [615, 118] - [615, 122])
  (ERROR [616, 12] - [616, 22])
  (ERROR [616, 24] - [616, 32])
  (ERROR [616, 34] - [616, 39])
  (ERROR [616, 41] - [616, 44])
  (number [616, 45] - [616, 46])
  (number [616, 48] - [616, 51])
  (number [616, 53] - [616, 54])
  (ERROR [620, 4] - [620, 12])
  (ERROR [621, 8] - [621, 11])
  (number [621, 13] - [621, 14])
  (ERROR [623, 8] - [623, 17])
  (ERROR [624, 12] - [624, 17])
  (number [624, 19] - [624, 24])
  (ERROR [625, 12] - [625, 18])
  (number [625, 20] - [625, 25])
  (ERROR [626, 12] - [626, 25])
  (ERROR [626, 27] - [626, 35])
  (ERROR [626, 37] - [626, 49])
  (ERROR [626, 52] - [626, 60])
  (number [626, 62] - [626, 66])
  (ERROR [626, 68] - [626, 77])
  (number [626, 79] - [626, 83])
  (ERROR [626, 85] - [626, 96])
  (number [626, 98] - [626, 102])
  (ERROR [626, 104] - [626, 116])
  (number [626, 118] - [626, 122])
  (ERROR [627, 12] - [627, 22])
  (ERROR [627, 24] - [627, 32])
  (ERROR [627, 34] - [627, 39])
  (ERROR [627, 41] - [627, 44])
  (number [627, 45] - [627, 46])
  (number [627, 48] - [627, 51])
  (number [627, 53] - [627, 54])
  (ERROR [631, 4] - [631, 12])
  (ERROR [632, 8] - [632, 14])
  (number [632, 16] - [632, 17])
  (ERROR [633, 8] - [633, 11])
  (number [633, 13] - [633, 14])
  (ERROR [635, 8] - [635, 17])
  (ERROR [636, 12] - [636, 17])
  (number [636, 19] - [636, 24])
  (ERROR [637, 12] - [637, 18])
  (number [637, 20] - [637, 25])
  (ERROR [638, 12] - [638, 25])
  (ERROR [638, 27] - [638, 35])
  (ERROR [638, 37] - [638, 49])
  (ERROR [638, 52] - [638, 60])
  (number [638, 62] - [638, 66])
  (ERROR [638, 68] - [638, 77])
  (number [638, 79] - [638, 83])
  (ERROR [638, 85] - [638, 96])
  (number [638, 98] - [638, 102])
  (ERROR [638, 104] - [638, 116])
  (number [638, 118] - [638, 122])
  (ERROR [639, 12] - [639, 22])
  (ERROR [639, 24] - [639, 32])
  (ERROR [639, 34] - [639, 39])
  (ERROR [639, 41] - [639, 44])
  (number [639, 45] - [639, 46])
  (number [639, 48] - [639, 51])
  (number [639, 53] - [639, 54]))
tests/example.mol	Parse:    7.63 ms	  2199 bytes/ms	(ERROR [0, 0] - [642, 1])
